  Building Custom Rule D:/VISUAL STUDIO CODE/PROJECTS/AERSP424 HW2/HW2/4/build/_deps/glfw-src/src/CMakeLists.txt
  context.c
  init.c
  input.c
  monitor.c
  platform.c
  vulkan.c
  window.c
  egl_context.c
  osmesa_context.c
  null_init.c
  null_monitor.c
  null_window.c
  null_joystick.c
  win32_module.c
  win32_time.c
  win32_thread.c
  win32_init.c
  win32_joystick.c
  win32_monitor.c
  win32_window.c
  Generating Code...
  Compiling...
  wgl_context.c
  Generating Code...
  glfw.vcxproj -> D:\VISUAL STUDIO CODE\PROJECTS\AERSP424 HW2\HW2\4\build\_deps\glfw-build\src\Debug\glfw3.lib
